<?xml version="1.0" encoding="UTF-8"?>
<!-- Generated by org.testng.reporters.JUnitXMLReporter -->
<testsuite ignored="0" hostname="MOB-PERLZ-LP293" failures="0" tests="2" name="PIM Work  Application Test Cases" time="147.249" errors="0" timestamp="2023-01-19T11:18:24 IST">
  <testcase classname="Testcase.Bulk_Upload_Attribute" name="createAttributeGroup" time="107.888"/>
  <testcase classname="Testcase.Bulk_Upload_Attribute" name="BulkAttributeCreation" time="37.503"/>
</testsuite> <!-- PIM Work  Application Test Cases -->
