<?xml version="1.0" encoding="UTF-8"?>
<testng-results ignored="0" total="2" passed="2" failed="0" skipped="0">
  <reporter-output>
    <line>
      <![CDATA[<b style="color:blue"> INFO : </b>User name entered]]>
    </line>
    <line>
      <![CDATA[<b style="color:blue"> INFO : </b>Password entered]]>
    </line>
    <line>
      <![CDATA[<b style="color:blue"> INFO : </b>login submit is successful]]>
    </line>
  </reporter-output>
  <suite started-at="2023-01-19T11:15:57 IST" name="All Test Suite" finished-at="2023-01-19T11:18:24 IST" duration-ms="147249">
    <groups>
    </groups>
    <test started-at="2023-01-19T11:15:57 IST" name="PIM Work  Application Test Cases" finished-at="2023-01-19T11:18:24 IST" duration-ms="147249">
      <class name="Testcase.Bulk_Upload_Attribute">
        <test-method signature="createAttributeGroup()[pri:1, instance:Testcase.Bulk_Upload_Attribute@18078bef]" started-at="2023-01-19T11:15:59 IST" name="createAttributeGroup" finished-at="2023-01-19T11:17:46 IST" duration-ms="107888" status="PASS">
          <reporter-output>
            <line>
              <![CDATA[<b style="color:blue"> INFO : </b>User name entered]]>
            </line>
            <line>
              <![CDATA[<b style="color:blue"> INFO : </b>Password entered]]>
            </line>
            <line>
              <![CDATA[<b style="color:blue"> INFO : </b>login submit is successful]]>
            </line>
          </reporter-output>
        </test-method> <!-- createAttributeGroup -->
        <test-method signature="BulkAttributeCreation()[pri:2, instance:Testcase.Bulk_Upload_Attribute@18078bef]" started-at="2023-01-19T11:17:46 IST" name="BulkAttributeCreation" finished-at="2023-01-19T11:18:24 IST" duration-ms="37503" status="PASS">
          <reporter-output>
          </reporter-output>
        </test-method> <!-- BulkAttributeCreation -->
      </class> <!-- Testcase.Bulk_Upload_Attribute -->
    </test> <!-- PIM Work  Application Test Cases -->
  </suite> <!-- All Test Suite -->
</testng-results>
