<?xml version="1.0" encoding="UTF-8"?>
<testng-results skipped="0" failed="0" ignored="0" total="1" passed="1">
  <reporter-output>
    <line>
      <![CDATA[<b style="color:blue"> INFO : </b>User name entered]]>
    </line>
    <line>
      <![CDATA[<b style="color:blue"> INFO : </b>Password entered]]>
    </line>
    <line>
      <![CDATA[<b style="color:blue"> INFO : </b>login submit is successful]]>
    </line>
  </reporter-output>
  <suite name="Default suite" duration-ms="18454" started-at="2022-04-25T10:02:17Z" finished-at="2022-04-25T10:02:36Z">
    <groups>
    </groups>
    <test name="Default test" duration-ms="18454" started-at="2022-04-25T10:02:17Z" finished-at="2022-04-25T10:02:36Z">
      <class name="Testcase.LoginTest">
        <test-method status="PASS" signature="StartTest()[pri:0, instance:Testcase.LoginTest@371a67ec]" name="StartTest" is-config="true" duration-ms="7253" started-at="2022-04-25T10:02:17Z" finished-at="2022-04-25T10:02:25Z">
          <reporter-output>
          </reporter-output>
        </test-method> <!-- StartTest -->
        <test-method status="PASS" signature="loginPIM()[pri:0, instance:Testcase.LoginTest@371a67ec]" name="loginPIM" duration-ms="11189" started-at="2022-04-25T10:02:25Z" finished-at="2022-04-25T10:02:36Z">
          <reporter-output>
            <line>
              <![CDATA[<b style="color:blue"> INFO : </b>User name entered]]>
            </line>
            <line>
              <![CDATA[<b style="color:blue"> INFO : </b>Password entered]]>
            </line>
            <line>
              <![CDATA[<b style="color:blue"> INFO : </b>login submit is successful]]>
            </line>
          </reporter-output>
        </test-method> <!-- loginPIM -->
      </class> <!-- Testcase.LoginTest -->
    </test> <!-- Default test -->
  </suite> <!-- Default suite -->
</testng-results>
